<?xml version="1.0" encoding="UTF-8"?>
<!-- Generated by org.testng.reporters.JUnitReportReporter -->
<testsuite hostname="User" failures="0" tests="4" name="com.EducationalDomain.scripts.Testcase2" time="76.859" errors="0" timestamp="2022-08-26T07:40:55 IST" skipped="0">
  <testcase classname="com.EducationalDomain.scripts.Testcase2" name="tc2" time="19.986"/>
  <system-out/>
  <testcase classname="com.EducationalDomain.scripts.Testcase2" name="tc2" time="19.641"/>
  <system-out/>
  <testcase classname="com.EducationalDomain.scripts.Testcase2" name="tc2" time="18.551"/>
  <system-out/>
  <testcase classname="com.EducationalDomain.scripts.Testcase2" name="tc2" time="18.681"/>
  <system-out/>
</testsuite> <!-- com.EducationalDomain.scripts.Testcase2 -->
