<?xml version="1.0" encoding="UTF-8"?>
<!-- Generated by org.testng.reporters.JUnitReportReporter -->
<testsuite hostname="User" failures="0" tests="1" name="com.EducationalDomain.scripts.Testcase4" time="17.267" errors="0" timestamp="2022-08-26T07:40:55 IST" skipped="0">
  <testcase classname="com.EducationalDomain.scripts.Testcase4" name="tc4" time="17.267"/>
  <system-out>
    <![CDATA[Data found
Data found
Data found]]>
  </system-out>
</testsuite> <!-- com.EducationalDomain.scripts.Testcase4 -->
