<?xml version="1.0" encoding="UTF-8"?>
<!-- Generated by org.testng.reporters.JUnitReportReporter -->
<testsuite hostname="User" failures="0" tests="1" name="com.EducationalDomain.scripts.Testcase3" time="16.858" errors="0" timestamp="2022-08-26T07:40:55 IST" skipped="0">
  <testcase classname="com.EducationalDomain.scripts.Testcase3" name="tc3" time="16.858"/>
  <system-out/>
</testsuite> <!-- com.EducationalDomain.scripts.Testcase3 -->
